<?xml version="1.0" encoding="UTF-8"?>
<testsuite xmlns:xsi="http://www.w3.org/2001/XMLSchema-instance" xsi:noNamespaceSchemaLocation="https://maven.apache.org/surefire/maven-surefire-plugin/xsd/surefire-test-report-3.0.xsd" version="3.0" name="PEDIDO DE ALTERACAO DE CADASTRO DE ORDEM DE SERVICO" time="17.647" tests="1" errors="0" skipped="0" failures="0">
  <properties>
[...]
</properties>
  <testcase name="funcionario pede para atualizar o cadastro de ordem de servico" classname="PEDIDO DE ALTERACAO DE CADASTRO DE ORDEM DE SERVICO" time="17.647">
    <system-out><![CDATA[fev. 25, 2025 6:22:25 PM org.openqa.selenium.remote.service.DriverService$Builder getLogOutput
INFORMAÇÕES: Driver logs no longer sent to console by default; https://www.selenium.dev/documentation/webdriver/drivers/service/#setting-log-output

SLF4J: Failed to load class "org.slf4j.impl.StaticLoggerBinder".
SLF4J: Defaulting to no-operation (NOP) logger implementation
SLF4J: See http://www.slf4j.org/codes.html#StaticLoggerBinder for further details.
ERROR StatusLogger Log4j2 could not find a logging implementation. Please add log4j-core to the classpath. Using SimpleLogger to log to the console...
fev. 25, 2025 6:22:26 PM org.openqa.selenium.devtools.CdpVersionFinder findNearestMatch
ADVERTÊNCIA: Unable to find CDP implementation matching 133

fev. 25, 2025 6:22:26 PM org.openqa.selenium.chromium.ChromiumDriver lambda$new$4
ADVERTÊNCIA: Unable to find version of CDP to use for . You may need to include a dependency on a specific version of the CDP using something similar to `org.seleniumhq.selenium:selenium-devtools-v86:4.10.0` where the version ("v86") matches the version of the chromium-based browser you're using and the version number of the artifact is the same as Selenium's.



1
 Scenarios (
1 passed
)

6
 Steps (
6 passed
)

0m
19,204s






@pedidoAlteracaoCadastroOs
Scenario: funcionario pede para atualizar o cadastro de ordem de servico                                                                                                                                                                                                                                 # src/test/resources/features/PedidoAlteracaoCadastroOs.feature:3
  Given que o funcionario esta na pagina de cadastro de ordem de servico, apos cadastrar os campos de cadastro, retornando seus valores em estado default "Ex:Fulano de Tal" "Selecione o equipamento" "dd/mm/aaaa" "Ex:O defeito apresentado..." "dd/mm/aaaa" "Selecione o status" "Ex:O equipamento.." # steps.PedidoAlteracaoCadastroOsSteps.que_o_funcionario_esta_na_pagina_de_cadastro_de_ordem_de_servico_apos_cadastrar_os_campos_de_cadastro_retornando_seus_valores_em_estado_default(java.lang.String,java.lang.String,java.lang.String,java.lang.String,java.lang.String,java.lang.String,java.lang.String)

    Embedding image [image/png 20486 bytes]

  And a primeira linha da tabela de cadastro de equipamento com os valores cadastrados "Fulano Beltrano" "Microondas" "2025-02-17" "Prato parou de rodar" "2025-02-18" "Aguardando orçamento" "" mais o link de alteracao de cadastro "Alterar"                                                          # steps.PedidoAlteracaoCadastroOsSteps.a_primeira_linha_da_tabela_de_cadastro_de_equipamento_com_os_valores_cadastrados_mais_o_link_de_alteracao_de_cadastro(java.lang.String,java.lang.String,java.lang.String,java.lang.String,java.lang.String,java.lang.String,java.lang.String,java.lang.String)

    Embedding image [image/png 28650 bytes]

  When o funcionario clica no botao de alteracao de cadastro "Alterar"                                                                                                                                                                                                                                   # steps.PedidoAlteracaoCadastroOsSteps.o_funcionario_clica_no_botao_de_alteracao_de_cadastro(java.lang.String)

    Embedding image [image/png 29003 bytes]

  Then o sistema retorna os campos de cadastro com os valores antes cadastrados "Fulano Beltrano" "Microondas" "17/02/2025" "Prato parou de rodar" "18/02/2025" "Aguardando orçamento" ""                                                                                                                # steps.PedidoAlteracaoCadastroOsSteps.o_sistema_retorna_os_campos_de_cadastro_com_os_valores_antes_cadastrados(java.lang.String,java.lang.String,java.lang.String,java.lang.String,java.lang.String,java.lang.String,java.lang.String)

    Embedding image [image/png 20168 bytes]

  And deleta a linha com o cadastro na tabela de cadastro                                                                                                                                                                                                                                                # steps.PedidoAlteracaoCadastroOsSteps.deleta_a_linha_com_o_cadastro_na_tabela_de_cadastro()

    Embedding image [image/png 24957 bytes]

  And inclui o botão "Alterar" na area de cadastro de equipamento                                                                                                                                                                                                                                        # steps.PedidoAlteracaoCadastroOsSteps.inclui_o_bot_o_na_area_de_cadastro_de_equipamento(java.lang.String)

    Embedding image [image/png 25079 bytes]

]]></system-out>
  </testcase>
</testsuite>