<?xml version="1.0" encoding="UTF-8"?>
<testsuite xmlns:xsi="http://www.w3.org/2001/XMLSchema-instance" xsi:noNamespaceSchemaLocation="https://maven.apache.org/surefire/maven-surefire-plugin/xsd/surefire-test-report-3.0.xsd" version="3.0" name="BUSCA DE ORDEM DE SERVICO" time="17.366" tests="3" errors="3" skipped="0" failures="0">
  <properties>
[...]
</properties>
  <testcase name="busca de ordem de servico" classname="BUSCA DE ORDEM DE SERVICO" time="17.366">
    <error message="Error communicating with the remote browser. It may have died.&#10;Build info: version: &apos;4.10.0&apos;, revision: &apos;c14d967899&apos;&#10;System info: os.name: &apos;Windows 10&apos;, os.arch: &apos;amd64&apos;, os.version: &apos;10.0&apos;, java.version: &apos;21.0.3&apos;&#10;Driver info: org.openqa.selenium.chrome.ChromeDriver&#10;Command: [9f069e5ae6ca48823c862ae4abb7bda8, findElement {using=xpath, value=/html/body/main/section[2]/form/div[1]/input}]&#10;Capabilities {acceptInsecureCerts: false, browserName: chrome, browserVersion: 133.0.6943.142, chrome: {chromedriverVersion: 133.0.6943.53 (9a80935019b0..., userDataDir: C:\Users\NATHAL~1\AppData\L...}, fedcm:accounts: true, goog:chromeOptions: {debuggerAddress: localhost:54490}, networkConnectionEnabled: false, pageLoadStrategy: normal, platformName: windows, proxy: Proxy(), se:cdp: ws://localhost:54490/devtoo..., se:cdpVersion: 133.0.6943.142, setWindowRect: true, strictFileInteractability: false, timeouts: {implicit: 0, pageLoad: 300000, script: 30000}, unhandledPromptBehavior: dismiss and notify, webauthn:extension:credBlob: true, webauthn:extension:largeBlob: true, webauthn:extension:minPinLength: true, webauthn:extension:prf: true, webauthn:virtualAuthenticators: true}&#10;Session ID: 9f069e5ae6ca48823c862ae4abb7bda8" type="org.openqa.selenium.remote.UnreachableBrowserException"><![CDATA[org.openqa.selenium.remote.UnreachableBrowserException: 
Error communicating with the remote browser. It may have died.
Build info: version: '4.10.0', revision: 'c14d967899'
System info: os.name: 'Windows 10', os.arch: 'amd64', os.version: '10.0', java.version: '21.0.3'
Driver info: org.openqa.selenium.chrome.ChromeDriver
Command: [9f069e5ae6ca48823c862ae4abb7bda8, findElement {using=xpath, value=/html/body/main/section[2]/form/div[1]/input}]
Capabilities {acceptInsecureCerts: false, browserName: chrome, browserVersion: 133.0.6943.142, chrome: {chromedriverVersion: 133.0.6943.53 (9a80935019b0..., userDataDir: C:\Users\NATHAL~1\AppData\L...}, fedcm:accounts: true, goog:chromeOptions: {debuggerAddress: localhost:54490}, networkConnectionEnabled: false, pageLoadStrategy: normal, platformName: windows, proxy: Proxy(), se:cdp: ws://localhost:54490/devtoo..., se:cdpVersion: 133.0.6943.142, setWindowRect: true, strictFileInteractability: false, timeouts: {implicit: 0, pageLoad: 300000, script: 30000}, unhandledPromptBehavior: dismiss and notify, webauthn:extension:credBlob: true, webauthn:extension:largeBlob: true, webauthn:extension:minPinLength: true, webauthn:extension:prf: true, webauthn:virtualAuthenticators: true}
Session ID: 9f069e5ae6ca48823c862ae4abb7bda8
Caused by: java.io.UncheckedIOException: java.net.SocketException: Connection reset
Caused by: java.net.SocketException: Connection reset
]]></error>
    <system-out><![CDATA[mar. 04, 2025 1:54:31 AM org.openqa.selenium.remote.service.DriverService$Builder getLogOutput
INFORMAÇÕES: Driver logs no longer sent to console by default; https://www.selenium.dev/documentation/webdriver/drivers/service/#setting-log-output

SLF4J: Failed to load class "org.slf4j.impl.StaticLoggerBinder".
SLF4J: Defaulting to no-operation (NOP) logger implementation
SLF4J: See http://www.slf4j.org/codes.html#StaticLoggerBinder for further details.
ERROR StatusLogger Log4j2 could not find a logging implementation. Please add log4j-core to the classpath. Using SimpleLogger to log to the console...
mar. 04, 2025 1:54:33 AM org.openqa.selenium.devtools.CdpVersionFinder findNearestMatch
ADVERTÊNCIA: Unable to find CDP implementation matching 133

mar. 04, 2025 1:54:33 AM org.openqa.selenium.chromium.ChromiumDriver lambda$new$4
ADVERTÊNCIA: Unable to find version of CDP to use for . You may need to include a dependency on a specific version of the CDP using something similar to `org.seleniumhq.selenium:selenium-devtools-v86:4.10.0` where the version ("v86") matches the version of the chromium-based browser you're using and the version number of the artifact is the same as Selenium's.



Failed scenarios:

file:///C:/Users/Nathalia%20Terribile/Desktop/Documentos/Assistencia-Tecnica-Frontend-Automacao/./src/test/resources/features/BuscaOs.feature:3 # busca de ordem de servico



1
 Scenarios (
1 failed
)

4
 Steps (
1 failed
, 
2 skipped
, 
1 passed
)

0m
19,258s





org.openqa.selenium.remote.UnreachableBrowserException: Error communicating with the remote browser. It may have died.
Build info: version: '4.10.0', revision: 'c14d967899'
System info: os.name: 'Windows 10', os.arch: 'amd64', os.version: '10.0', java.version: '21.0.3'
Driver info: org.openqa.selenium.chrome.ChromeDriver
Command: [9f069e5ae6ca48823c862ae4abb7bda8, findElement {using=xpath, value=/html/body/main/section[2]/form/div[1]/input}]
Capabilities {acceptInsecureCerts: false, browserName: chrome, browserVersion: 133.0.6943.142, chrome: {chromedriverVersion: 133.0.6943.53 (9a80935019b0..., userDataDir: C:\Users\NATHAL~1\AppData\L...}, fedcm:accounts: true, goog:chromeOptions: {debuggerAddress: localhost:54490}, networkConnectionEnabled: false, pageLoadStrategy: normal, platformName: windows, proxy: Proxy(), se:cdp: ws://localhost:54490/devtoo..., se:cdpVersion: 133.0.6943.142, setWindowRect: true, strictFileInteractability: false, timeouts: {implicit: 0, pageLoad: 300000, script: 30000}, unhandledPromptBehavior: dismiss and notify, webauthn:extension:credBlob: true, webauthn:extension:largeBlob: true, webauthn:extension:minPinLength: true, webauthn:extension:prf: true, webauthn:virtualAuthenticators: true}
Session ID: 9f069e5ae6ca48823c862ae4abb7bda8

	at org.openqa.selenium.remote.RemoteWebDriver.execute(RemoteWebDriver.java:558)

	at org.openqa.selenium.remote.ElementLocation$ElementFinder$2.findElement(ElementLocation.java:165)

	at org.openqa.selenium.remote.ElementLocation.findElement(ElementLocation.java:59)

	at org.openqa.selenium.remote.RemoteWebDriver.findElement(RemoteWebDriver.java:350)

	at org.openqa.selenium.remote.RemoteWebDriver.findElement(RemoteWebDriver.java:344)

	at org.openqa.selenium.support.pagefactory.DefaultElementLocator.findElement(DefaultElementLocator.java:68)

	at org.openqa.selenium.support.pagefactory.internal.LocatingElementHandler.invoke(LocatingElementHandler.java:38)

	at jdk.proxy2/jdk.proxy2.$Proxy27.isDisplayed(Unknown Source)

	at org.openqa.selenium.support.ui.ExpectedConditions.elementIfVisible(ExpectedConditions.java:304)

	at org.openqa.selenium.support.ui.ExpectedConditions.access$000(ExpectedConditions.java:37)

	at org.openqa.selenium.support.ui.ExpectedConditions$10.apply(ExpectedConditions.java:290)

	at org.openqa.selenium.support.ui.ExpectedConditions$10.apply(ExpectedConditions.java:287)

	at org.openqa.selenium.support.ui.FluentWait.until(FluentWait.java:205)

	at pages.BasePage.waitVisibilityOf(BasePage.java:42)

	at pages.BuscaOsPage.inputarId(BuscaOsPage.java:13)

	at steps.BuscaOsSteps.o_funcionario_inputa_o_valor_do_id_da_ordem_de_servico_no_campo_busca(BuscaOsSteps.java:21)

	at ✽.o funcionario inputa o valor do id "2" da ordem de servico no campo busca(file:///C:/Users/Nathalia%20Terribile/Desktop/Documentos/Assistencia-Tecnica-Frontend-Automacao/./src/test/resources/features/BuscaOs.feature:5)

Caused by: java.io.UncheckedIOException: java.net.SocketException: Connection reset

	at org.openqa.selenium.remote.http.netty.NettyHttpHandler.makeCall(NettyHttpHandler.java:73)

	at org.openqa.selenium.remote.http.AddSeleniumUserAgent.lambda$apply$0(AddSeleniumUserAgent.java:42)

	at org.openqa.selenium.remote.http.Filter.lambda$andFinally$1(Filter.java:56)

	at org.openqa.selenium.remote.http.netty.NettyHttpHandler.execute(NettyHttpHandler.java:48)

	at org.openqa.selenium.remote.http.AddSeleniumUserAgent.lambda$apply$0(AddSeleniumUserAgent.java:42)

	at org.openqa.selenium.remote.http.Filter.lambda$andFinally$1(Filter.java:56)

	at org.openqa.selenium.remote.http.netty.NettyClient.execute(NettyClient.java:97)

	at org.openqa.selenium.remote.HttpCommandExecutor.execute(HttpCommandExecutor.java:188)

	at org.openqa.selenium.remote.service.DriverCommandExecutor.invokeExecute(DriverCommandExecutor.java:196)

	at org.openqa.selenium.remote.service.DriverCommandExecutor.execute(DriverCommandExecutor.java:171)

	at org.openqa.selenium.remote.RemoteWebDriver.execute(RemoteWebDriver.java:531)

	at org.openqa.selenium.remote.ElementLocation$ElementFinder$2.findElement(ElementLocation.java:165)

	at org.openqa.selenium.remote.ElementLocation.findElement(ElementLocation.java:59)

	at org.openqa.selenium.remote.RemoteWebDriver.findElement(RemoteWebDriver.java:350)

	at org.openqa.selenium.remote.RemoteWebDriver.findElement(RemoteWebDriver.java:344)

	at org.openqa.selenium.support.pagefactory.DefaultElementLocator.findElement(DefaultElementLocator.java:68)

	at org.openqa.selenium.support.pagefactory.internal.LocatingElementHandler.invoke(LocatingElementHandler.java:38)

	at jdk.proxy2/jdk.proxy2.$Proxy27.isDisplayed(Unknown Source)

	at org.openqa.selenium.support.ui.ExpectedConditions.elementIfVisible(ExpectedConditions.java:304)

	at org.openqa.selenium.support.ui.ExpectedConditions.access$000(ExpectedConditions.java:37)

	at org.openqa.selenium.support.ui.ExpectedConditions$10.apply(ExpectedConditions.java:290)

	at org.openqa.selenium.support.ui.ExpectedConditions$10.apply(ExpectedConditions.java:287)

	at org.openqa.selenium.support.ui.FluentWait.until(FluentWait.java:205)

	at pages.BasePage.waitVisibilityOf(BasePage.java:42)

	at pages.BuscaOsPage.inputarId(BuscaOsPage.java:13)

	at steps.BuscaOsSteps.o_funcionario_inputa_o_valor_do_id_da_ordem_de_servico_no_campo_busca(BuscaOsSteps.java:21)

	at java.base/jdk.internal.reflect.DirectMethodHandleAccessor.invoke(DirectMethodHandleAccessor.java:103)

	at java.base/java.lang.reflect.Method.invoke(Method.java:580)

	at io.cucumber.java.Invoker.doInvoke(Invoker.java:66)

	at io.cucumber.java.Invoker.invoke(Invoker.java:24)

	at io.cucumber.java.AbstractGlueDefinition.invokeMethod(AbstractGlueDefinition.java:47)

	at io.cucumber.java.JavaStepDefinition.execute(JavaStepDefinition.java:29)

	at io.cucumber.core.runner.CoreStepDefinition.execute(CoreStepDefinition.java:66)

	at io.cucumber.core.runner.PickleStepDefinitionMatch.runStep(PickleStepDefinitionMatch.java:63)

	at io.cucumber.core.runner.ExecutionMode$1.execute(ExecutionMode.java:10)

	at io.cucumber.core.runner.TestStep.executeStep(TestStep.java:84)

	at io.cucumber.core.runner.TestStep.run(TestStep.java:56)

	at io.cucumber.core.runner.PickleStepTestStep.run(PickleStepTestStep.java:51)

	at io.cucumber.core.runner.TestCase.run(TestCase.java:84)

	at io.cucumber.core.runner.Runner.runPickle(Runner.java:75)

	at io.cucumber.junit.PickleRunners$NoStepDescriptions.lambda$run$0(PickleRunners.java:151)

	at io.cucumber.core.runtime.CucumberExecutionContext.lambda$runTestCase$5(CucumberExecutionContext.java:130)

	at io.cucumber.core.runtime.RethrowingThrowableCollector.executeAndThrow(RethrowingThrowableCollector.java:23)

	at io.cucumber.core.runtime.CucumberExecutionContext.runTestCase(CucumberExecutionContext.java:130)

	at io.cucumber.junit.PickleRunners$NoStepDescriptions.run(PickleRunners.java:148)

	at io.cucumber.junit.FeatureRunner.runChild(FeatureRunner.java:144)

	at io.cucumber.junit.FeatureRunner.runChild(FeatureRunner.java:28)

	at org.junit.runners.ParentRunner$4.run(ParentRunner.java:331)

	at org.junit.runners.ParentRunner$1.schedule(ParentRunner.java:79)

	at org.junit.runners.ParentRunner.runChildren(ParentRunner.java:329)

	at org.junit.runners.ParentRunner.access$100(ParentRunner.java:66)

	at org.junit.runners.ParentRunner$2.evaluate(ParentRunner.java:293)

	at org.junit.runners.ParentRunner$3.evaluate(ParentRunner.java:306)

	at org.junit.runners.ParentRunner.run(ParentRunner.java:413)

	at io.cucumber.junit.FeatureRunner.run(FeatureRunner.java:137)

	at io.cucumber.junit.Cucumber.runChild(Cucumber.java:196)

	at io.cucumber.junit.Cucumber.runChild(Cucumber.java:89)

	at org.junit.runners.ParentRunner$4.run(ParentRunner.java:331)

	at org.apache.maven.surefire.junitcore.pc.Scheduler$1.run(Scheduler.java:405)

	at java.base/java.util.concurrent.Executors$RunnableAdapter.call(Executors.java:572)

	at java.base/java.util.concurrent.FutureTask.run(FutureTask.java:317)

	at java.base/java.util.concurrent.ThreadPoolExecutor.runWorker(ThreadPoolExecutor.java:1144)

	at java.base/java.util.concurrent.ThreadPoolExecutor$Worker.run(ThreadPoolExecutor.java:642)

	at java.base/java.lang.Thread.run(Thread.java:1583)

Caused by: java.net.SocketException: Connection reset

	at java.base/sun.nio.ch.SocketChannelImpl.throwConnectionReset(SocketChannelImpl.java:401)

	at java.base/sun.nio.ch.SocketChannelImpl.read(SocketChannelImpl.java:434)

	at io.netty.buffer.PooledByteBuf.setBytes(PooledByteBuf.java:256)

	at io.netty.buffer.AbstractByteBuf.writeBytes(AbstractByteBuf.java:1132)

	at io.netty.channel.socket.nio.NioSocketChannel.doReadBytes(NioSocketChannel.java:357)

	at io.netty.channel.nio.AbstractNioByteChannel$NioByteUnsafe.read(AbstractNioByteChannel.java:151)

	at io.netty.channel.nio.NioEventLoop.processSelectedKey(NioEventLoop.java:788)

	at io.netty.channel.nio.NioEventLoop.processSelectedKeysOptimized(NioEventLoop.java:724)

	at io.netty.channel.nio.NioEventLoop.processSelectedKeys(NioEventLoop.java:650)

	at io.netty.channel.nio.NioEventLoop.run(NioEventLoop.java:562)

	at io.netty.util.concurrent.SingleThreadEventExecutor$4.run(SingleThreadEventExecutor.java:997)

	at io.netty.util.internal.ThreadExecutorMap$2.run(ThreadExecutorMap.java:74)

	at io.netty.util.concurrent.FastThreadLocalRunnable.run(FastThreadLocalRunnable.java:30)

	... 1 more



org.openqa.selenium.remote.UnreachableBrowserException: Error communicating with the remote browser. It may have died.
Build info: version: '4.10.0', revision: 'c14d967899'
System info: os.name: 'Windows 10', os.arch: 'amd64', os.version: '10.0', java.version: '21.0.3'
Driver info: org.openqa.selenium.chrome.ChromeDriver
Command: [9f069e5ae6ca48823c862ae4abb7bda8, screenshot {}]
Capabilities {acceptInsecureCerts: false, browserName: chrome, browserVersion: 133.0.6943.142, chrome: {chromedriverVersion: 133.0.6943.53 (9a80935019b0..., userDataDir: C:\Users\NATHAL~1\AppData\L...}, fedcm:accounts: true, goog:chromeOptions: {debuggerAddress: localhost:54490}, networkConnectionEnabled: false, pageLoadStrategy: normal, platformName: windows, proxy: Proxy(), se:cdp: ws://localhost:54490/devtoo..., se:cdpVersion: 133.0.6943.142, setWindowRect: true, strictFileInteractability: false, timeouts: {implicit: 0, pageLoad: 300000, script: 30000}, unhandledPromptBehavior: dismiss and notify, webauthn:extension:credBlob: true, webauthn:extension:largeBlob: true, webauthn:extension:minPinLength: true, webauthn:extension:prf: true, webauthn:virtualAuthenticators: true}
Session ID: 9f069e5ae6ca48823c862ae4abb7bda8

	at org.openqa.selenium.remote.RemoteWebDriver.execute(RemoteWebDriver.java:558)

	at org.openqa.selenium.remote.RemoteWebDriver.execute(RemoteWebDriver.java:590)

	at org.openqa.selenium.remote.RemoteWebDriver.execute(RemoteWebDriver.java:594)

	at org.openqa.selenium.remote.RemoteWebDriver.getScreenshotAs(RemoteWebDriver.java:316)

	at pages.BasePage.getByteScreenshot(BasePage.java:55)

	at steps.BaseSteps.afterStep(BaseSteps.java:165)

Caused by: java.io.UncheckedIOException: java.net.ConnectException: Connection refused: getsockopt: localhost/[0:0:0:0:0:0:0:1]:15235

	at org.openqa.selenium.remote.http.netty.NettyHttpHandler.makeCall(NettyHttpHandler.java:73)

	at org.openqa.selenium.remote.http.AddSeleniumUserAgent.lambda$apply$0(AddSeleniumUserAgent.java:42)

	at org.openqa.selenium.remote.http.Filter.lambda$andFinally$1(Filter.java:56)

	at org.openqa.selenium.remote.http.netty.NettyHttpHandler.execute(NettyHttpHandler.java:48)

	at org.openqa.selenium.remote.http.AddSeleniumUserAgent.lambda$apply$0(AddSeleniumUserAgent.java:42)

	at org.openqa.selenium.remote.http.Filter.lambda$andFinally$1(Filter.java:56)

	at org.openqa.selenium.remote.http.netty.NettyClient.execute(NettyClient.java:97)

	at org.openqa.selenium.remote.HttpCommandExecutor.execute(HttpCommandExecutor.java:188)

	at org.openqa.selenium.remote.service.DriverCommandExecutor.invokeExecute(DriverCommandExecutor.java:196)

	at org.openqa.selenium.remote.service.DriverCommandExecutor.execute(DriverCommandExecutor.java:171)

	at org.openqa.selenium.remote.RemoteWebDriver.execute(RemoteWebDriver.java:531)

	at org.openqa.selenium.remote.RemoteWebDriver.execute(RemoteWebDriver.java:590)

	at org.openqa.selenium.remote.RemoteWebDriver.execute(RemoteWebDriver.java:594)

	at org.openqa.selenium.remote.RemoteWebDriver.getScreenshotAs(RemoteWebDriver.java:316)

	at pages.BasePage.getByteScreenshot(BasePage.java:55)

	at steps.BaseSteps.afterStep(BaseSteps.java:165)

	at java.base/jdk.internal.reflect.DirectMethodHandleAccessor.invoke(DirectMethodHandleAccessor.java:103)

	at java.base/java.lang.reflect.Method.invoke(Method.java:580)

	at io.cucumber.java.Invoker.doInvoke(Invoker.java:66)

	at io.cucumber.java.Invoker.invokeStatic(Invoker.java:80)

	at io.cucumber.java.AbstractGlueDefinition.invokeMethod(AbstractGlueDefinition.java:45)

	at io.cucumber.java.JavaHookDefinition.execute(JavaHookDefinition.java:64)

	at io.cucumber.core.runner.CoreHookDefinition.execute(CoreHookDefinition.java:46)

	at io.cucumber.core.runner.HookDefinitionMatch.runStep(HookDefinitionMatch.java:21)

	at io.cucumber.core.runner.ExecutionMode$1.execute(ExecutionMode.java:10)

	at io.cucumber.core.runner.TestStep.executeStep(TestStep.java:84)

	at io.cucumber.core.runner.TestStep.run(TestStep.java:56)

	at io.cucumber.core.runner.PickleStepTestStep.run(PickleStepTestStep.java:56)

	at io.cucumber.core.runner.TestCase.run(TestCase.java:84)

	at io.cucumber.core.runner.Runner.runPickle(Runner.java:75)

	at io.cucumber.junit.PickleRunners$NoStepDescriptions.lambda$run$0(PickleRunners.java:151)

	at io.cucumber.core.runtime.CucumberExecutionContext.lambda$runTestCase$5(CucumberExecutionContext.java:130)

	at io.cucumber.core.runtime.RethrowingThrowableCollector.executeAndThrow(RethrowingThrowableCollector.java:23)

	at io.cucumber.core.runtime.CucumberExecutionContext.runTestCase(CucumberExecutionContext.java:130)

	at io.cucumber.junit.PickleRunners$NoStepDescriptions.run(PickleRunners.java:148)

	at io.cucumber.junit.FeatureRunner.runChild(FeatureRunner.java:144)

	at io.cucumber.junit.FeatureRunner.runChild(FeatureRunner.java:28)

	at org.junit.runners.ParentRunner$4.run(ParentRunner.java:331)

	at org.junit.runners.ParentRunner$1.schedule(ParentRunner.java:79)

	at org.junit.runners.ParentRunner.runChildren(ParentRunner.java:329)

	at org.junit.runners.ParentRunner.access$100(ParentRunner.java:66)

	at org.junit.runners.ParentRunner$2.evaluate(ParentRunner.java:293)

	at org.junit.runners.ParentRunner$3.evaluate(ParentRunner.java:306)

	at org.junit.runners.ParentRunner.run(ParentRunner.java:413)

	at io.cucumber.junit.FeatureRunner.run(FeatureRunner.java:137)

	at io.cucumber.junit.Cucumber.runChild(Cucumber.java:196)

	at io.cucumber.junit.Cucumber.runChild(Cucumber.java:89)

	at org.junit.runners.ParentRunner$4.run(ParentRunner.java:331)

	at org.apache.maven.surefire.junitcore.pc.Scheduler$1.run(Scheduler.java:405)

	at java.base/java.util.concurrent.Executors$RunnableAdapter.call(Executors.java:572)

	at java.base/java.util.concurrent.FutureTask.run(FutureTask.java:317)

	at java.base/java.util.concurrent.ThreadPoolExecutor.runWorker(ThreadPoolExecutor.java:1144)

	at java.base/java.util.concurrent.ThreadPoolExecutor$Worker.run(ThreadPoolExecutor.java:642)

	at java.base/java.lang.Thread.run(Thread.java:1583)

Caused by: java.net.ConnectException: Connection refused: getsockopt: localhost/[0:0:0:0:0:0:0:1]:15235

	at org.asynchttpclient.netty.channel.NettyConnectListener.onFailure(NettyConnectListener.java:179)

	at org.asynchttpclient.netty.channel.NettyChannelConnector$1.onFailure(NettyChannelConnector.java:108)

	at org.asynchttpclient.netty.SimpleChannelFutureListener.operationComplete(SimpleChannelFutureListener.java:28)

	at org.asynchttpclient.netty.SimpleChannelFutureListener.operationComplete(SimpleChannelFutureListener.java:20)

	at io.netty.util.concurrent.DefaultPromise.notifyListener0(DefaultPromise.java:590)

	at io.netty.util.concurrent.DefaultPromise.notifyListeners0(DefaultPromise.java:583)

	at io.netty.util.concurrent.DefaultPromise.notifyListenersNow(DefaultPromise.java:559)

	at io.netty.util.concurrent.DefaultPromise.notifyListeners(DefaultPromise.java:492)

	at io.netty.util.concurrent.DefaultPromise.setValue0(DefaultPromise.java:636)

	at io.netty.util.concurrent.DefaultPromise.setFailure0(DefaultPromise.java:629)

	at io.netty.util.concurrent.DefaultPromise.tryFailure(DefaultPromise.java:118)

	at io.netty.channel.nio.AbstractNioChannel$AbstractNioUnsafe.fulfillConnectPromise(AbstractNioChannel.java:321)

	at io.netty.channel.nio.AbstractNioChannel$AbstractNioUnsafe.finishConnect(AbstractNioChannel.java:337)

	at io.netty.channel.nio.NioEventLoop.processSelectedKey(NioEventLoop.java:776)

	at io.netty.channel.nio.NioEventLoop.processSelectedKeysOptimized(NioEventLoop.java:724)

	at io.netty.channel.nio.NioEventLoop.processSelectedKeys(NioEventLoop.java:650)

	at io.netty.channel.nio.NioEventLoop.run(NioEventLoop.java:562)

	at io.netty.util.concurrent.SingleThreadEventExecutor$4.run(SingleThreadEventExecutor.java:997)

	at io.netty.util.internal.ThreadExecutorMap$2.run(ThreadExecutorMap.java:74)

	at io.netty.util.concurrent.FastThreadLocalRunnable.run(FastThreadLocalRunnable.java:30)

	... 1 more

Caused by: io.netty.channel.AbstractChannel$AnnotatedConnectException: Connection refused: getsockopt: localhost/[0:0:0:0:0:0:0:1]:15235

Caused by: java.net.ConnectException: Connection refused: getsockopt

	at java.base/sun.nio.ch.Net.pollConnect(Native Method)

	at java.base/sun.nio.ch.Net.pollConnectNow(Net.java:682)

	at java.base/sun.nio.ch.SocketChannelImpl.finishConnect(SocketChannelImpl.java:973)

	at io.netty.channel.socket.nio.NioSocketChannel.doFinishConnect(NioSocketChannel.java:337)

	at io.netty.channel.nio.AbstractNioChannel$AbstractNioUnsafe.finishConnect(AbstractNioChannel.java:334)

	at io.netty.channel.nio.NioEventLoop.processSelectedKey(NioEventLoop.java:776)

	at io.netty.channel.nio.NioEventLoop.processSelectedKeysOptimized(NioEventLoop.java:724)

	at io.netty.channel.nio.NioEventLoop.processSelectedKeys(NioEventLoop.java:650)

	at io.netty.channel.nio.NioEventLoop.run(NioEventLoop.java:562)

	at io.netty.util.concurrent.SingleThreadEventExecutor$4.run(SingleThreadEventExecutor.java:997)

	at io.netty.util.internal.ThreadExecutorMap$2.run(ThreadExecutorMap.java:74)

	at io.netty.util.concurrent.FastThreadLocalRunnable.run(FastThreadLocalRunnable.java:30)

	at java.base/java.lang.Thread.run(Thread.java:1583)



org.openqa.selenium.remote.UnreachableBrowserException: Error communicating with the remote browser. It may have died.
Build info: version: '4.10.0', revision: 'c14d967899'
System info: os.name: 'Windows 10', os.arch: 'amd64', os.version: '10.0', java.version: '21.0.3'
Driver info: org.openqa.selenium.chrome.ChromeDriver
Command: [9f069e5ae6ca48823c862ae4abb7bda8, close {}]
Capabilities {acceptInsecureCerts: false, browserName: chrome, browserVersion: 133.0.6943.142, chrome: {chromedriverVersion: 133.0.6943.53 (9a80935019b0..., userDataDir: C:\Users\NATHAL~1\AppData\L...}, fedcm:accounts: true, goog:chromeOptions: {debuggerAddress: localhost:54490}, networkConnectionEnabled: false, pageLoadStrategy: normal, platformName: windows, proxy: Proxy(), se:cdp: ws://localhost:54490/devtoo..., se:cdpVersion: 133.0.6943.142, setWindowRect: true, strictFileInteractability: false, timeouts: {implicit: 0, pageLoad: 300000, script: 30000}, unhandledPromptBehavior: dismiss and notify, webauthn:extension:credBlob: true, webauthn:extension:largeBlob: true, webauthn:extension:minPinLength: true, webauthn:extension:prf: true, webauthn:virtualAuthenticators: true}
Session ID: 9f069e5ae6ca48823c862ae4abb7bda8

	at org.openqa.selenium.remote.RemoteWebDriver.execute(RemoteWebDriver.java:558)

	at org.openqa.selenium.remote.RemoteWebDriver.execute(RemoteWebDriver.java:590)

	at org.openqa.selenium.remote.RemoteWebDriver.execute(RemoteWebDriver.java:594)

	at org.openqa.selenium.remote.RemoteWebDriver.close(RemoteWebDriver.java:418)

	at utils.GlobalDriver.close(GlobalDriver.java:20)

	at steps.BaseSteps.finish(BaseSteps.java:159)

Caused by: java.io.UncheckedIOException: java.net.ConnectException: Connection refused: getsockopt: localhost/[0:0:0:0:0:0:0:1]:15235

	at org.openqa.selenium.remote.http.netty.NettyHttpHandler.makeCall(NettyHttpHandler.java:73)

	at org.openqa.selenium.remote.http.AddSeleniumUserAgent.lambda$apply$0(AddSeleniumUserAgent.java:42)

	at org.openqa.selenium.remote.http.Filter.lambda$andFinally$1(Filter.java:56)

	at org.openqa.selenium.remote.http.netty.NettyHttpHandler.execute(NettyHttpHandler.java:48)

	at org.openqa.selenium.remote.http.AddSeleniumUserAgent.lambda$apply$0(AddSeleniumUserAgent.java:42)

	at org.openqa.selenium.remote.http.Filter.lambda$andFinally$1(Filter.java:56)

	at org.openqa.selenium.remote.http.netty.NettyClient.execute(NettyClient.java:97)

	at org.openqa.selenium.remote.HttpCommandExecutor.execute(HttpCommandExecutor.java:188)

	at org.openqa.selenium.remote.service.DriverCommandExecutor.invokeExecute(DriverCommandExecutor.java:196)

	at org.openqa.selenium.remote.service.DriverCommandExecutor.execute(DriverCommandExecutor.java:171)

	at org.openqa.selenium.remote.RemoteWebDriver.execute(RemoteWebDriver.java:531)

	at org.openqa.selenium.remote.RemoteWebDriver.execute(RemoteWebDriver.java:590)

	at org.openqa.selenium.remote.RemoteWebDriver.execute(RemoteWebDriver.java:594)

	at org.openqa.selenium.remote.RemoteWebDriver.close(RemoteWebDriver.java:418)

	at utils.GlobalDriver.close(GlobalDriver.java:20)

	at steps.BaseSteps.finish(BaseSteps.java:159)

	at java.base/jdk.internal.reflect.DirectMethodHandleAccessor.invoke(DirectMethodHandleAccessor.java:103)

	at java.base/java.lang.reflect.Method.invoke(Method.java:580)

	at io.cucumber.java.Invoker.doInvoke(Invoker.java:66)

	at io.cucumber.java.Invoker.invokeStatic(Invoker.java:80)

	at io.cucumber.java.AbstractGlueDefinition.invokeMethod(AbstractGlueDefinition.java:45)

	at io.cucumber.java.JavaHookDefinition.execute(JavaHookDefinition.java:64)

	at io.cucumber.core.runner.CoreHookDefinition.execute(CoreHookDefinition.java:46)

	at io.cucumber.core.runner.HookDefinitionMatch.runStep(HookDefinitionMatch.java:21)

	at io.cucumber.core.runner.ExecutionMode$1.execute(ExecutionMode.java:10)

	at io.cucumber.core.runner.TestStep.executeStep(TestStep.java:84)

	at io.cucumber.core.runner.TestStep.run(TestStep.java:56)

	at io.cucumber.core.runner.TestCase.run(TestCase.java:90)

	at io.cucumber.core.runner.Runner.runPickle(Runner.java:75)

	at io.cucumber.junit.PickleRunners$NoStepDescriptions.lambda$run$0(PickleRunners.java:151)

	at io.cucumber.core.runtime.CucumberExecutionContext.lambda$runTestCase$5(CucumberExecutionContext.java:130)

	at io.cucumber.core.runtime.RethrowingThrowableCollector.executeAndThrow(RethrowingThrowableCollector.java:23)

	at io.cucumber.core.runtime.CucumberExecutionContext.runTestCase(CucumberExecutionContext.java:130)

	at io.cucumber.junit.PickleRunners$NoStepDescriptions.run(PickleRunners.java:148)

	at io.cucumber.junit.FeatureRunner.runChild(FeatureRunner.java:144)

	at io.cucumber.junit.FeatureRunner.runChild(FeatureRunner.java:28)

	at org.junit.runners.ParentRunner$4.run(ParentRunner.java:331)

	at org.junit.runners.ParentRunner$1.schedule(ParentRunner.java:79)

	at org.junit.runners.ParentRunner.runChildren(ParentRunner.java:329)

	at org.junit.runners.ParentRunner.access$100(ParentRunner.java:66)

	at org.junit.runners.ParentRunner$2.evaluate(ParentRunner.java:293)

	at org.junit.runners.ParentRunner$3.evaluate(ParentRunner.java:306)

	at org.junit.runners.ParentRunner.run(ParentRunner.java:413)

	at io.cucumber.junit.FeatureRunner.run(FeatureRunner.java:137)

	at io.cucumber.junit.Cucumber.runChild(Cucumber.java:196)

	at io.cucumber.junit.Cucumber.runChild(Cucumber.java:89)

	at org.junit.runners.ParentRunner$4.run(ParentRunner.java:331)

	at org.apache.maven.surefire.junitcore.pc.Scheduler$1.run(Scheduler.java:405)

	at java.base/java.util.concurrent.Executors$RunnableAdapter.call(Executors.java:572)

	at java.base/java.util.concurrent.FutureTask.run(FutureTask.java:317)

	at java.base/java.util.concurrent.ThreadPoolExecutor.runWorker(ThreadPoolExecutor.java:1144)

	at java.base/java.util.concurrent.ThreadPoolExecutor$Worker.run(ThreadPoolExecutor.java:642)

	at java.base/java.lang.Thread.run(Thread.java:1583)

Caused by: java.net.ConnectException: Connection refused: getsockopt: localhost/[0:0:0:0:0:0:0:1]:15235

	at org.asynchttpclient.netty.channel.NettyConnectListener.onFailure(NettyConnectListener.java:179)

	at org.asynchttpclient.netty.channel.NettyChannelConnector$1.onFailure(NettyChannelConnector.java:108)

	at org.asynchttpclient.netty.SimpleChannelFutureListener.operationComplete(SimpleChannelFutureListener.java:28)

	at org.asynchttpclient.netty.SimpleChannelFutureListener.operationComplete(SimpleChannelFutureListener.java:20)

	at io.netty.util.concurrent.DefaultPromise.notifyListener0(DefaultPromise.java:590)

	at io.netty.util.concurrent.DefaultPromise.notifyListeners0(DefaultPromise.java:583)

	at io.netty.util.concurrent.DefaultPromise.notifyListenersNow(DefaultPromise.java:559)

	at io.netty.util.concurrent.DefaultPromise.notifyListeners(DefaultPromise.java:492)

	at io.netty.util.concurrent.DefaultPromise.setValue0(DefaultPromise.java:636)

	at io.netty.util.concurrent.DefaultPromise.setFailure0(DefaultPromise.java:629)

	at io.netty.util.concurrent.DefaultPromise.tryFailure(DefaultPromise.java:118)

	at io.netty.channel.nio.AbstractNioChannel$AbstractNioUnsafe.fulfillConnectPromise(AbstractNioChannel.java:321)

	at io.netty.channel.nio.AbstractNioChannel$AbstractNioUnsafe.finishConnect(AbstractNioChannel.java:337)

	at io.netty.channel.nio.NioEventLoop.processSelectedKey(NioEventLoop.java:776)

	at io.netty.channel.nio.NioEventLoop.processSelectedKeysOptimized(NioEventLoop.java:724)

	at io.netty.channel.nio.NioEventLoop.processSelectedKeys(NioEventLoop.java:650)

	at io.netty.channel.nio.NioEventLoop.run(NioEventLoop.java:562)

	at io.netty.util.concurrent.SingleThreadEventExecutor$4.run(SingleThreadEventExecutor.java:997)

	at io.netty.util.internal.ThreadExecutorMap$2.run(ThreadExecutorMap.java:74)

	at io.netty.util.concurrent.FastThreadLocalRunnable.run(FastThreadLocalRunnable.java:30)

	... 1 more

Caused by: io.netty.channel.AbstractChannel$AnnotatedConnectException: Connection refused: getsockopt: localhost/[0:0:0:0:0:0:0:1]:15235

Caused by: java.net.ConnectException: Connection refused: getsockopt

	at java.base/sun.nio.ch.Net.pollConnect(Native Method)

	at java.base/sun.nio.ch.Net.pollConnectNow(Net.java:682)

	at java.base/sun.nio.ch.SocketChannelImpl.finishConnect(SocketChannelImpl.java:973)

	at io.netty.channel.socket.nio.NioSocketChannel.doFinishConnect(NioSocketChannel.java:337)

	at io.netty.channel.nio.AbstractNioChannel$AbstractNioUnsafe.finishConnect(AbstractNioChannel.java:334)

	at io.netty.channel.nio.NioEventLoop.processSelectedKey(NioEventLoop.java:776)

	at io.netty.channel.nio.NioEventLoop.processSelectedKeysOptimized(NioEventLoop.java:724)

	at io.netty.channel.nio.NioEventLoop.processSelectedKeys(NioEventLoop.java:650)

	at io.netty.channel.nio.NioEventLoop.run(NioEventLoop.java:562)

	at io.netty.util.concurrent.SingleThreadEventExecutor$4.run(SingleThreadEventExecutor.java:997)

	at io.netty.util.internal.ThreadExecutorMap$2.run(ThreadExecutorMap.java:74)

	at io.netty.util.concurrent.FastThreadLocalRunnable.run(FastThreadLocalRunnable.java:30)

	at java.base/java.lang.Thread.run(Thread.java:1583)






@buscaOs
Scenario: busca de ordem de servico                                                                                                                                                                                                                          # src/test/resources/features/BuscaOs.feature:3
  Given que o funcionario esta na pagina de cadastro de ordem de servico                                                                                                                                                                                     # steps.BuscaOsSteps.que_o_funcionario_esta_na_pagina_de_cadastro_de_ordem_de_servico()

    Embedding image [image/png 78000 bytes]

  When o funcionario inputa o valor do id "2" da ordem de servico no campo busca                                                                                                                                                                             # steps.BuscaOsSteps.o_funcionario_inputa_o_valor_do_id_da_ordem_de_servico_no_campo_busca(java.lang.String)
      org.openqa.selenium.remote.UnreachableBrowserException: Error communicating with the remote browser. It may have died.
Build info: version: '4.10.0', revision: 'c14d967899'
System info: os.name: 'Windows 10', os.arch: 'amd64', os.version: '10.0', java.version: '21.0.3'
Driver info: org.openqa.selenium.chrome.ChromeDriver
Command: [9f069e5ae6ca48823c862ae4abb7bda8, findElement {using=xpath, value=/html/body/main/section[2]/form/div[1]/input}]
Capabilities {acceptInsecureCerts: false, browserName: chrome, browserVersion: 133.0.6943.142, chrome: {chromedriverVersion: 133.0.6943.53 (9a80935019b0..., userDataDir: C:\Users\NATHAL~1\AppData\L...}, fedcm:accounts: true, goog:chromeOptions: {debuggerAddress: localhost:54490}, networkConnectionEnabled: false, pageLoadStrategy: normal, platformName: windows, proxy: Proxy(), se:cdp: ws://localhost:54490/devtoo..., se:cdpVersion: 133.0.6943.142, setWindowRect: true, strictFileInteractability: false, timeouts: {implicit: 0, pageLoad: 300000, script: 30000}, unhandledPromptBehavior: dismiss and notify, webauthn:extension:credBlob: true, webauthn:extension:largeBlob: true, webauthn:extension:minPinLength: true, webauthn:extension:prf: true, webauthn:virtualAuthenticators: true}
Session ID: 9f069e5ae6ca48823c862ae4abb7bda8
	at org.openqa.selenium.remote.RemoteWebDriver.execute(RemoteWebDriver.java:558)
	at org.openqa.selenium.remote.ElementLocation$ElementFinder$2.findElement(ElementLocation.java:165)
	at org.openqa.selenium.remote.ElementLocation.findElement(ElementLocation.java:59)
	at org.openqa.selenium.remote.RemoteWebDriver.findElement(RemoteWebDriver.java:350)
	at org.openqa.selenium.remote.RemoteWebDriver.findElement(RemoteWebDriver.java:344)
	at org.openqa.selenium.support.pagefactory.DefaultElementLocator.findElement(DefaultElementLocator.java:68)
	at org.openqa.selenium.support.pagefactory.internal.LocatingElementHandler.invoke(LocatingElementHandler.java:38)
	at jdk.proxy2/jdk.proxy2.$Proxy27.isDisplayed(Unknown Source)
	at org.openqa.selenium.support.ui.ExpectedConditions.elementIfVisible(ExpectedConditions.java:304)
	at org.openqa.selenium.support.ui.ExpectedConditions.access$000(ExpectedConditions.java:37)
	at org.openqa.selenium.support.ui.ExpectedConditions$10.apply(ExpectedConditions.java:290)
	at org.openqa.selenium.support.ui.ExpectedConditions$10.apply(ExpectedConditions.java:287)
	at org.openqa.selenium.support.ui.FluentWait.until(FluentWait.java:205)
	at pages.BasePage.waitVisibilityOf(BasePage.java:42)
	at pages.BuscaOsPage.inputarId(BuscaOsPage.java:13)
	at steps.BuscaOsSteps.o_funcionario_inputa_o_valor_do_id_da_ordem_de_servico_no_campo_busca(BuscaOsSteps.java:21)
	at ✽.o funcionario inputa o valor do id "2" da ordem de servico no campo busca(file:///C:/Users/Nathalia%20Terribile/Desktop/Documentos/Assistencia-Tecnica-Frontend-Automacao/./src/test/resources/features/BuscaOs.feature:5)
Caused by: java.io.UncheckedIOException: java.net.SocketException: Connection reset
	at org.openqa.selenium.remote.http.netty.NettyHttpHandler.makeCall(NettyHttpHandler.java:73)
	at org.openqa.selenium.remote.http.AddSeleniumUserAgent.lambda$apply$0(AddSeleniumUserAgent.java:42)
	at org.openqa.selenium.remote.http.Filter.lambda$andFinally$1(Filter.java:56)
	at org.openqa.selenium.remote.http.netty.NettyHttpHandler.execute(NettyHttpHandler.java:48)
	at org.openqa.selenium.remote.http.AddSeleniumUserAgent.lambda$apply$0(AddSeleniumUserAgent.java:42)
	at org.openqa.selenium.remote.http.Filter.lambda$andFinally$1(Filter.java:56)
	at org.openqa.selenium.remote.http.netty.NettyClient.execute(NettyClient.java:97)
	at org.openqa.selenium.remote.HttpCommandExecutor.execute(HttpCommandExecutor.java:188)
	at org.openqa.selenium.remote.service.DriverCommandExecutor.invokeExecute(DriverCommandExecutor.java:196)
	at org.openqa.selenium.remote.service.DriverCommandExecutor.execute(DriverCommandExecutor.java:171)
	at org.openqa.selenium.remote.RemoteWebDriver.execute(RemoteWebDriver.java:531)
	at org.openqa.selenium.remote.ElementLocation$ElementFinder$2.findElement(ElementLocation.java:165)
	at org.openqa.selenium.remote.ElementLocation.findElement(ElementLocation.java:59)
	at org.openqa.selenium.remote.RemoteWebDriver.findElement(RemoteWebDriver.java:350)
	at org.openqa.selenium.remote.RemoteWebDriver.findElement(RemoteWebDriver.java:344)
	at org.openqa.selenium.support.pagefactory.DefaultElementLocator.findElement(DefaultElementLocator.java:68)
	at org.openqa.selenium.support.pagefactory.internal.LocatingElementHandler.invoke(LocatingElementHandler.java:38)
	at jdk.proxy2/jdk.proxy2.$Proxy27.isDisplayed(Unknown Source)
	at org.openqa.selenium.support.ui.ExpectedConditions.elementIfVisible(ExpectedConditions.java:304)
	at org.openqa.selenium.support.ui.ExpectedConditions.access$000(ExpectedConditions.java:37)
	at org.openqa.selenium.support.ui.ExpectedConditions$10.apply(ExpectedConditions.java:290)
	at org.openqa.selenium.support.ui.ExpectedConditions$10.apply(ExpectedConditions.java:287)
	at org.openqa.selenium.support.ui.FluentWait.until(FluentWait.java:205)
	at pages.BasePage.waitVisibilityOf(BasePage.java:42)
	at pages.BuscaOsPage.inputarId(BuscaOsPage.java:13)
	at steps.BuscaOsSteps.o_funcionario_inputa_o_valor_do_id_da_ordem_de_servico_no_campo_busca(BuscaOsSteps.java:21)
	at java.base/jdk.internal.reflect.DirectMethodHandleAccessor.invoke(DirectMethodHandleAccessor.java:103)
	at java.base/java.lang.reflect.Method.invoke(Method.java:580)
	at io.cucumber.java.Invoker.doInvoke(Invoker.java:66)
	at io.cucumber.java.Invoker.invoke(Invoker.java:24)
	at io.cucumber.java.AbstractGlueDefinition.invokeMethod(AbstractGlueDefinition.java:47)
	at io.cucumber.java.JavaStepDefinition.execute(JavaStepDefinition.java:29)
	at io.cucumber.core.runner.CoreStepDefinition.execute(CoreStepDefinition.java:66)
	at io.cucumber.core.runner.PickleStepDefinitionMatch.runStep(PickleStepDefinitionMatch.java:63)
	at io.cucumber.core.runner.ExecutionMode$1.execute(ExecutionMode.java:10)
	at io.cucumber.core.runner.TestStep.executeStep(TestStep.java:84)
	at io.cucumber.core.runner.TestStep.run(TestStep.java:56)
	at io.cucumber.core.runner.PickleStepTestStep.run(PickleStepTestStep.java:51)
	at io.cucumber.core.runner.TestCase.run(TestCase.java:84)
	at io.cucumber.core.runner.Runner.runPickle(Runner.java:75)
	at io.cucumber.junit.PickleRunners$NoStepDescriptions.lambda$run$0(PickleRunners.java:151)
	at io.cucumber.core.runtime.CucumberExecutionContext.lambda$runTestCase$5(CucumberExecutionContext.java:130)
	at io.cucumber.core.runtime.RethrowingThrowableCollector.executeAndThrow(RethrowingThrowableCollector.java:23)
	at io.cucumber.core.runtime.CucumberExecutionContext.runTestCase(CucumberExecutionContext.java:130)
	at io.cucumber.junit.PickleRunners$NoStepDescriptions.run(PickleRunners.java:148)
	at io.cucumber.junit.FeatureRunner.runChild(FeatureRunner.java:144)
	at io.cucumber.junit.FeatureRunner.runChild(FeatureRunner.java:28)
	at org.junit.runners.ParentRunner$4.run(ParentRunner.java:331)
	at org.junit.runners.ParentRunner$1.schedule(ParentRunner.java:79)
	at org.junit.runners.ParentRunner.runChildren(ParentRunner.java:329)
	at org.junit.runners.ParentRunner.access$100(ParentRunner.java:66)
	at org.junit.runners.ParentRunner$2.evaluate(ParentRunner.java:293)
	at org.junit.runners.ParentRunner$3.evaluate(ParentRunner.java:306)
	at org.junit.runners.ParentRunner.run(ParentRunner.java:413)
	at io.cucumber.junit.FeatureRunner.run(FeatureRunner.java:137)
	at io.cucumber.junit.Cucumber.runChild(Cucumber.java:196)
	at io.cucumber.junit.Cucumber.runChild(Cucumber.java:89)
	at org.junit.runners.ParentRunner$4.run(ParentRunner.java:331)
	at org.apache.maven.surefire.junitcore.pc.Scheduler$1.run(Scheduler.java:405)
	at java.base/java.util.concurrent.Executors$RunnableAdapter.call(Executors.java:572)
	at java.base/java.util.concurrent.FutureTask.run(FutureTask.java:317)
	at java.base/java.util.concurrent.ThreadPoolExecutor.runWorker(ThreadPoolExecutor.java:1144)
	at java.base/java.util.concurrent.ThreadPoolExecutor$Worker.run(ThreadPoolExecutor.java:642)
	at java.base/java.lang.Thread.run(Thread.java:1583)
Caused by: java.net.SocketException: Connection reset
	at java.base/sun.nio.ch.SocketChannelImpl.throwConnectionReset(SocketChannelImpl.java:401)
	at java.base/sun.nio.ch.SocketChannelImpl.read(SocketChannelImpl.java:434)
	at io.netty.buffer.PooledByteBuf.setBytes(PooledByteBuf.java:256)
	at io.netty.buffer.AbstractByteBuf.writeBytes(AbstractByteBuf.java:1132)
	at io.netty.channel.socket.nio.NioSocketChannel.doReadBytes(NioSocketChannel.java:357)
	at io.netty.channel.nio.AbstractNioByteChannel$NioByteUnsafe.read(AbstractNioByteChannel.java:151)
	at io.netty.channel.nio.NioEventLoop.processSelectedKey(NioEventLoop.java:788)
	at io.netty.channel.nio.NioEventLoop.processSelectedKeysOptimized(NioEventLoop.java:724)
	at io.netty.channel.nio.NioEventLoop.processSelectedKeys(NioEventLoop.java:650)
	at io.netty.channel.nio.NioEventLoop.run(NioEventLoop.java:562)
	at io.netty.util.concurrent.SingleThreadEventExecutor$4.run(SingleThreadEventExecutor.java:997)
	at io.netty.util.internal.ThreadExecutorMap$2.run(ThreadExecutorMap.java:74)
	at io.netty.util.concurrent.FastThreadLocalRunnable.run(FastThreadLocalRunnable.java:30)
	... 1 more

      org.openqa.selenium.remote.UnreachableBrowserException: Error communicating with the remote browser. It may have died.
Build info: version: '4.10.0', revision: 'c14d967899'
System info: os.name: 'Windows 10', os.arch: 'amd64', os.version: '10.0', java.version: '21.0.3'
Driver info: org.openqa.selenium.chrome.ChromeDriver
Command: [9f069e5ae6ca48823c862ae4abb7bda8, screenshot {}]
Capabilities {acceptInsecureCerts: false, browserName: chrome, browserVersion: 133.0.6943.142, chrome: {chromedriverVersion: 133.0.6943.53 (9a80935019b0..., userDataDir: C:\Users\NATHAL~1\AppData\L...}, fedcm:accounts: true, goog:chromeOptions: {debuggerAddress: localhost:54490}, networkConnectionEnabled: false, pageLoadStrategy: normal, platformName: windows, proxy: Proxy(), se:cdp: ws://localhost:54490/devtoo..., se:cdpVersion: 133.0.6943.142, setWindowRect: true, strictFileInteractability: false, timeouts: {implicit: 0, pageLoad: 300000, script: 30000}, unhandledPromptBehavior: dismiss and notify, webauthn:extension:credBlob: true, webauthn:extension:largeBlob: true, webauthn:extension:minPinLength: true, webauthn:extension:prf: true, webauthn:virtualAuthenticators: true}
Session ID: 9f069e5ae6ca48823c862ae4abb7bda8
	at org.openqa.selenium.remote.RemoteWebDriver.execute(RemoteWebDriver.java:558)
	at org.openqa.selenium.remote.RemoteWebDriver.execute(RemoteWebDriver.java:590)
	at org.openqa.selenium.remote.RemoteWebDriver.execute(RemoteWebDriver.java:594)
	at org.openqa.selenium.remote.RemoteWebDriver.getScreenshotAs(RemoteWebDriver.java:316)
	at pages.BasePage.getByteScreenshot(BasePage.java:55)
	at steps.BaseSteps.afterStep(BaseSteps.java:165)
Caused by: java.io.UncheckedIOException: java.net.ConnectException: Connection refused: getsockopt: localhost/[0:0:0:0:0:0:0:1]:15235
	at org.openqa.selenium.remote.http.netty.NettyHttpHandler.makeCall(NettyHttpHandler.java:73)
	at org.openqa.selenium.remote.http.AddSeleniumUserAgent.lambda$apply$0(AddSeleniumUserAgent.java:42)
	at org.openqa.selenium.remote.http.Filter.lambda$andFinally$1(Filter.java:56)
	at org.openqa.selenium.remote.http.netty.NettyHttpHandler.execute(NettyHttpHandler.java:48)
	at org.openqa.selenium.remote.http.AddSeleniumUserAgent.lambda$apply$0(AddSeleniumUserAgent.java:42)
	at org.openqa.selenium.remote.http.Filter.lambda$andFinally$1(Filter.java:56)
	at org.openqa.selenium.remote.http.netty.NettyClient.execute(NettyClient.java:97)
	at org.openqa.selenium.remote.HttpCommandExecutor.execute(HttpCommandExecutor.java:188)
	at org.openqa.selenium.remote.service.DriverCommandExecutor.invokeExecute(DriverCommandExecutor.java:196)
	at org.openqa.selenium.remote.service.DriverCommandExecutor.execute(DriverCommandExecutor.java:171)
	at org.openqa.selenium.remote.RemoteWebDriver.execute(RemoteWebDriver.java:531)
	at org.openqa.selenium.remote.RemoteWebDriver.execute(RemoteWebDriver.java:590)
	at org.openqa.selenium.remote.RemoteWebDriver.execute(RemoteWebDriver.java:594)
	at org.openqa.selenium.remote.RemoteWebDriver.getScreenshotAs(RemoteWebDriver.java:316)
	at pages.BasePage.getByteScreenshot(BasePage.java:55)
	at steps.BaseSteps.afterStep(BaseSteps.java:165)
	at java.base/jdk.internal.reflect.DirectMethodHandleAccessor.invoke(DirectMethodHandleAccessor.java:103)
	at java.base/java.lang.reflect.Method.invoke(Method.java:580)
	at io.cucumber.java.Invoker.doInvoke(Invoker.java:66)
	at io.cucumber.java.Invoker.invokeStatic(Invoker.java:80)
	at io.cucumber.java.AbstractGlueDefinition.invokeMethod(AbstractGlueDefinition.java:45)
	at io.cucumber.java.JavaHookDefinition.execute(JavaHookDefinition.java:64)
	at io.cucumber.core.runner.CoreHookDefinition.execute(CoreHookDefinition.java:46)
	at io.cucumber.core.runner.HookDefinitionMatch.runStep(HookDefinitionMatch.java:21)
	at io.cucumber.core.runner.ExecutionMode$1.execute(ExecutionMode.java:10)
	at io.cucumber.core.runner.TestStep.executeStep(TestStep.java:84)
	at io.cucumber.core.runner.TestStep.run(TestStep.java:56)
	at io.cucumber.core.runner.PickleStepTestStep.run(PickleStepTestStep.java:56)
	at io.cucumber.core.runner.TestCase.run(TestCase.java:84)
	at io.cucumber.core.runner.Runner.runPickle(Runner.java:75)
	at io.cucumber.junit.PickleRunners$NoStepDescriptions.lambda$run$0(PickleRunners.java:151)
	at io.cucumber.core.runtime.CucumberExecutionContext.lambda$runTestCase$5(CucumberExecutionContext.java:130)
	at io.cucumber.core.runtime.RethrowingThrowableCollector.executeAndThrow(RethrowingThrowableCollector.java:23)
	at io.cucumber.core.runtime.CucumberExecutionContext.runTestCase(CucumberExecutionContext.java:130)
	at io.cucumber.junit.PickleRunners$NoStepDescriptions.run(PickleRunners.java:148)
	at io.cucumber.junit.FeatureRunner.runChild(FeatureRunner.java:144)
	at io.cucumber.junit.FeatureRunner.runChild(FeatureRunner.java:28)
	at org.junit.runners.ParentRunner$4.run(ParentRunner.java:331)
	at org.junit.runners.ParentRunner$1.schedule(ParentRunner.java:79)
	at org.junit.runners.ParentRunner.runChildren(ParentRunner.java:329)
	at org.junit.runners.ParentRunner.access$100(ParentRunner.java:66)
	at org.junit.runners.ParentRunner$2.evaluate(ParentRunner.java:293)
	at org.junit.runners.ParentRunner$3.evaluate(ParentRunner.java:306)
	at org.junit.runners.ParentRunner.run(ParentRunner.java:413)
	at io.cucumber.junit.FeatureRunner.run(FeatureRunner.java:137)
	at io.cucumber.junit.Cucumber.runChild(Cucumber.java:196)
	at io.cucumber.junit.Cucumber.runChild(Cucumber.java:89)
	at org.junit.runners.ParentRunner$4.run(ParentRunner.java:331)
	at org.apache.maven.surefire.junitcore.pc.Scheduler$1.run(Scheduler.java:405)
	at java.base/java.util.concurrent.Executors$RunnableAdapter.call(Executors.java:572)
	at java.base/java.util.concurrent.FutureTask.run(FutureTask.java:317)
	at java.base/java.util.concurrent.ThreadPoolExecutor.runWorker(ThreadPoolExecutor.java:1144)
	at java.base/java.util.concurrent.ThreadPoolExecutor$Worker.run(ThreadPoolExecutor.java:642)
	at java.base/java.lang.Thread.run(Thread.java:1583)
Caused by: java.net.ConnectException: Connection refused: getsockopt: localhost/[0:0:0:0:0:0:0:1]:15235
	at org.asynchttpclient.netty.channel.NettyConnectListener.onFailure(NettyConnectListener.java:179)
	at org.asynchttpclient.netty.channel.NettyChannelConnector$1.onFailure(NettyChannelConnector.java:108)
	at org.asynchttpclient.netty.SimpleChannelFutureListener.operationComplete(SimpleChannelFutureListener.java:28)
	at org.asynchttpclient.netty.SimpleChannelFutureListener.operationComplete(SimpleChannelFutureListener.java:20)
	at io.netty.util.concurrent.DefaultPromise.notifyListener0(DefaultPromise.java:590)
	at io.netty.util.concurrent.DefaultPromise.notifyListeners0(DefaultPromise.java:583)
	at io.netty.util.concurrent.DefaultPromise.notifyListenersNow(DefaultPromise.java:559)
	at io.netty.util.concurrent.DefaultPromise.notifyListeners(DefaultPromise.java:492)
	at io.netty.util.concurrent.DefaultPromise.setValue0(DefaultPromise.java:636)
	at io.netty.util.concurrent.DefaultPromise.setFailure0(DefaultPromise.java:629)
	at io.netty.util.concurrent.DefaultPromise.tryFailure(DefaultPromise.java:118)
	at io.netty.channel.nio.AbstractNioChannel$AbstractNioUnsafe.fulfillConnectPromise(AbstractNioChannel.java:321)
	at io.netty.channel.nio.AbstractNioChannel$AbstractNioUnsafe.finishConnect(AbstractNioChannel.java:337)
	at io.netty.channel.nio.NioEventLoop.processSelectedKey(NioEventLoop.java:776)
	at io.netty.channel.nio.NioEventLoop.processSelectedKeysOptimized(NioEventLoop.java:724)
	at io.netty.channel.nio.NioEventLoop.processSelectedKeys(NioEventLoop.java:650)
	at io.netty.channel.nio.NioEventLoop.run(NioEventLoop.java:562)
	at io.netty.util.concurrent.SingleThreadEventExecutor$4.run(SingleThreadEventExecutor.java:997)
	at io.netty.util.internal.ThreadExecutorMap$2.run(ThreadExecutorMap.java:74)
	at io.netty.util.concurrent.FastThreadLocalRunnable.run(FastThreadLocalRunnable.java:30)
	... 1 more
Caused by: io.netty.channel.AbstractChannel$AnnotatedConnectException: Connection refused: getsockopt: localhost/[0:0:0:0:0:0:0:1]:15235
Caused by: java.net.ConnectException: Connection refused: getsockopt
	at java.base/sun.nio.ch.Net.pollConnect(Native Method)
	at java.base/sun.nio.ch.Net.pollConnectNow(Net.java:682)
	at java.base/sun.nio.ch.SocketChannelImpl.finishConnect(SocketChannelImpl.java:973)
	at io.netty.channel.socket.nio.NioSocketChannel.doFinishConnect(NioSocketChannel.java:337)
	at io.netty.channel.nio.AbstractNioChannel$AbstractNioUnsafe.finishConnect(AbstractNioChannel.java:334)
	at io.netty.channel.nio.NioEventLoop.processSelectedKey(NioEventLoop.java:776)
	at io.netty.channel.nio.NioEventLoop.processSelectedKeysOptimized(NioEventLoop.java:724)
	at io.netty.channel.nio.NioEventLoop.processSelectedKeys(NioEventLoop.java:650)
	at io.netty.channel.nio.NioEventLoop.run(NioEventLoop.java:562)
	at io.netty.util.concurrent.SingleThreadEventExecutor$4.run(SingleThreadEventExecutor.java:997)
	at io.netty.util.internal.ThreadExecutorMap$2.run(ThreadExecutorMap.java:74)
	at io.netty.util.concurrent.FastThreadLocalRunnable.run(FastThreadLocalRunnable.java:30)
	at java.base/java.lang.Thread.run(Thread.java:1583)

  And aperta o botao de busca "Buscar"                                                                                                                                                                                                                       # steps.BuscaOsSteps.aperta_o_botao_de_busca(java.lang.String)
  Then o sistema insere na tabela de cadastro de equipamento os valores de cadastros do id desejado "Fulano Beltrano" "Microondas" "2025-02-17" "Prato parou de rodar" "2025-02-18" "Aguardando orçamento" "" mais o link de alteracao de cadastro "Alterar" # steps.BuscaOsSteps.o_sistema_insere_na_tabela_de_cadastro_de_equipamento_os_valores_de_cadastros_do_id_desejado_mais_o_link_de_alteracao_de_cadastro(java.lang.String,java.lang.String,java.lang.String,java.lang.String,java.lang.String,java.lang.String,java.lang.String,java.lang.String)
      org.openqa.selenium.remote.UnreachableBrowserException: Error communicating with the remote browser. It may have died.
Build info: version: '4.10.0', revision: 'c14d967899'
System info: os.name: 'Windows 10', os.arch: 'amd64', os.version: '10.0', java.version: '21.0.3'
Driver info: org.openqa.selenium.chrome.ChromeDriver
Command: [9f069e5ae6ca48823c862ae4abb7bda8, close {}]
Capabilities {acceptInsecureCerts: false, browserName: chrome, browserVersion: 133.0.6943.142, chrome: {chromedriverVersion: 133.0.6943.53 (9a80935019b0..., userDataDir: C:\Users\NATHAL~1\AppData\L...}, fedcm:accounts: true, goog:chromeOptions: {debuggerAddress: localhost:54490}, networkConnectionEnabled: false, pageLoadStrategy: normal, platformName: windows, proxy: Proxy(), se:cdp: ws://localhost:54490/devtoo..., se:cdpVersion: 133.0.6943.142, setWindowRect: true, strictFileInteractability: false, timeouts: {implicit: 0, pageLoad: 300000, script: 30000}, unhandledPromptBehavior: dismiss and notify, webauthn:extension:credBlob: true, webauthn:extension:largeBlob: true, webauthn:extension:minPinLength: true, webauthn:extension:prf: true, webauthn:virtualAuthenticators: true}
Session ID: 9f069e5ae6ca48823c862ae4abb7bda8
	at org.openqa.selenium.remote.RemoteWebDriver.execute(RemoteWebDriver.java:558)
	at org.openqa.selenium.remote.RemoteWebDriver.execute(RemoteWebDriver.java:590)
	at org.openqa.selenium.remote.RemoteWebDriver.execute(RemoteWebDriver.java:594)
	at org.openqa.selenium.remote.RemoteWebDriver.close(RemoteWebDriver.java:418)
	at utils.GlobalDriver.close(GlobalDriver.java:20)
	at steps.BaseSteps.finish(BaseSteps.java:159)
Caused by: java.io.UncheckedIOException: java.net.ConnectException: Connection refused: getsockopt: localhost/[0:0:0:0:0:0:0:1]:15235
	at org.openqa.selenium.remote.http.netty.NettyHttpHandler.makeCall(NettyHttpHandler.java:73)
	at org.openqa.selenium.remote.http.AddSeleniumUserAgent.lambda$apply$0(AddSeleniumUserAgent.java:42)
	at org.openqa.selenium.remote.http.Filter.lambda$andFinally$1(Filter.java:56)
	at org.openqa.selenium.remote.http.netty.NettyHttpHandler.execute(NettyHttpHandler.java:48)
	at org.openqa.selenium.remote.http.AddSeleniumUserAgent.lambda$apply$0(AddSeleniumUserAgent.java:42)
	at org.openqa.selenium.remote.http.Filter.lambda$andFinally$1(Filter.java:56)
	at org.openqa.selenium.remote.http.netty.NettyClient.execute(NettyClient.java:97)
	at org.openqa.selenium.remote.HttpCommandExecutor.execute(HttpCommandExecutor.java:188)
	at org.openqa.selenium.remote.service.DriverCommandExecutor.invokeExecute(DriverCommandExecutor.java:196)
	at org.openqa.selenium.remote.service.DriverCommandExecutor.execute(DriverCommandExecutor.java:171)
	at org.openqa.selenium.remote.RemoteWebDriver.execute(RemoteWebDriver.java:531)
	at org.openqa.selenium.remote.RemoteWebDriver.execute(RemoteWebDriver.java:590)
	at org.openqa.selenium.remote.RemoteWebDriver.execute(RemoteWebDriver.java:594)
	at org.openqa.selenium.remote.RemoteWebDriver.close(RemoteWebDriver.java:418)
	at utils.GlobalDriver.close(GlobalDriver.java:20)
	at steps.BaseSteps.finish(BaseSteps.java:159)
	at java.base/jdk.internal.reflect.DirectMethodHandleAccessor.invoke(DirectMethodHandleAccessor.java:103)
	at java.base/java.lang.reflect.Method.invoke(Method.java:580)
	at io.cucumber.java.Invoker.doInvoke(Invoker.java:66)
	at io.cucumber.java.Invoker.invokeStatic(Invoker.java:80)
	at io.cucumber.java.AbstractGlueDefinition.invokeMethod(AbstractGlueDefinition.java:45)
	at io.cucumber.java.JavaHookDefinition.execute(JavaHookDefinition.java:64)
	at io.cucumber.core.runner.CoreHookDefinition.execute(CoreHookDefinition.java:46)
	at io.cucumber.core.runner.HookDefinitionMatch.runStep(HookDefinitionMatch.java:21)
	at io.cucumber.core.runner.ExecutionMode$1.execute(ExecutionMode.java:10)
	at io.cucumber.core.runner.TestStep.executeStep(TestStep.java:84)
	at io.cucumber.core.runner.TestStep.run(TestStep.java:56)
	at io.cucumber.core.runner.TestCase.run(TestCase.java:90)
	at io.cucumber.core.runner.Runner.runPickle(Runner.java:75)
	at io.cucumber.junit.PickleRunners$NoStepDescriptions.lambda$run$0(PickleRunners.java:151)
	at io.cucumber.core.runtime.CucumberExecutionContext.lambda$runTestCase$5(CucumberExecutionContext.java:130)
	at io.cucumber.core.runtime.RethrowingThrowableCollector.executeAndThrow(RethrowingThrowableCollector.java:23)
	at io.cucumber.core.runtime.CucumberExecutionContext.runTestCase(CucumberExecutionContext.java:130)
	at io.cucumber.junit.PickleRunners$NoStepDescriptions.run(PickleRunners.java:148)
	at io.cucumber.junit.FeatureRunner.runChild(FeatureRunner.java:144)
	at io.cucumber.junit.FeatureRunner.runChild(FeatureRunner.java:28)
	at org.junit.runners.ParentRunner$4.run(ParentRunner.java:331)
	at org.junit.runners.ParentRunner$1.schedule(ParentRunner.java:79)
	at org.junit.runners.ParentRunner.runChildren(ParentRunner.java:329)
	at org.junit.runners.ParentRunner.access$100(ParentRunner.java:66)
	at org.junit.runners.ParentRunner$2.evaluate(ParentRunner.java:293)
	at org.junit.runners.ParentRunner$3.evaluate(ParentRunner.java:306)
	at org.junit.runners.ParentRunner.run(ParentRunner.java:413)
	at io.cucumber.junit.FeatureRunner.run(FeatureRunner.java:137)
	at io.cucumber.junit.Cucumber.runChild(Cucumber.java:196)
	at io.cucumber.junit.Cucumber.runChild(Cucumber.java:89)
	at org.junit.runners.ParentRunner$4.run(ParentRunner.java:331)
	at org.apache.maven.surefire.junitcore.pc.Scheduler$1.run(Scheduler.java:405)
	at java.base/java.util.concurrent.Executors$RunnableAdapter.call(Executors.java:572)
	at java.base/java.util.concurrent.FutureTask.run(FutureTask.java:317)
	at java.base/java.util.concurrent.ThreadPoolExecutor.runWorker(ThreadPoolExecutor.java:1144)
	at java.base/java.util.concurrent.ThreadPoolExecutor$Worker.run(ThreadPoolExecutor.java:642)
	at java.base/java.lang.Thread.run(Thread.java:1583)
Caused by: java.net.ConnectException: Connection refused: getsockopt: localhost/[0:0:0:0:0:0:0:1]:15235
	at org.asynchttpclient.netty.channel.NettyConnectListener.onFailure(NettyConnectListener.java:179)
	at org.asynchttpclient.netty.channel.NettyChannelConnector$1.onFailure(NettyChannelConnector.java:108)
	at org.asynchttpclient.netty.SimpleChannelFutureListener.operationComplete(SimpleChannelFutureListener.java:28)
	at org.asynchttpclient.netty.SimpleChannelFutureListener.operationComplete(SimpleChannelFutureListener.java:20)
	at io.netty.util.concurrent.DefaultPromise.notifyListener0(DefaultPromise.java:590)
	at io.netty.util.concurrent.DefaultPromise.notifyListeners0(DefaultPromise.java:583)
	at io.netty.util.concurrent.DefaultPromise.notifyListenersNow(DefaultPromise.java:559)
	at io.netty.util.concurrent.DefaultPromise.notifyListeners(DefaultPromise.java:492)
	at io.netty.util.concurrent.DefaultPromise.setValue0(DefaultPromise.java:636)
	at io.netty.util.concurrent.DefaultPromise.setFailure0(DefaultPromise.java:629)
	at io.netty.util.concurrent.DefaultPromise.tryFailure(DefaultPromise.java:118)
	at io.netty.channel.nio.AbstractNioChannel$AbstractNioUnsafe.fulfillConnectPromise(AbstractNioChannel.java:321)
	at io.netty.channel.nio.AbstractNioChannel$AbstractNioUnsafe.finishConnect(AbstractNioChannel.java:337)
	at io.netty.channel.nio.NioEventLoop.processSelectedKey(NioEventLoop.java:776)
	at io.netty.channel.nio.NioEventLoop.processSelectedKeysOptimized(NioEventLoop.java:724)
	at io.netty.channel.nio.NioEventLoop.processSelectedKeys(NioEventLoop.java:650)
	at io.netty.channel.nio.NioEventLoop.run(NioEventLoop.java:562)
	at io.netty.util.concurrent.SingleThreadEventExecutor$4.run(SingleThreadEventExecutor.java:997)
	at io.netty.util.internal.ThreadExecutorMap$2.run(ThreadExecutorMap.java:74)
	at io.netty.util.concurrent.FastThreadLocalRunnable.run(FastThreadLocalRunnable.java:30)
	... 1 more
Caused by: io.netty.channel.AbstractChannel$AnnotatedConnectException: Connection refused: getsockopt: localhost/[0:0:0:0:0:0:0:1]:15235
Caused by: java.net.ConnectException: Connection refused: getsockopt
	at java.base/sun.nio.ch.Net.pollConnect(Native Method)
	at java.base/sun.nio.ch.Net.pollConnectNow(Net.java:682)
	at java.base/sun.nio.ch.SocketChannelImpl.finishConnect(SocketChannelImpl.java:973)
	at io.netty.channel.socket.nio.NioSocketChannel.doFinishConnect(NioSocketChannel.java:337)
	at io.netty.channel.nio.AbstractNioChannel$AbstractNioUnsafe.finishConnect(AbstractNioChannel.java:334)
	at io.netty.channel.nio.NioEventLoop.processSelectedKey(NioEventLoop.java:776)
	at io.netty.channel.nio.NioEventLoop.processSelectedKeysOptimized(NioEventLoop.java:724)
	at io.netty.channel.nio.NioEventLoop.processSelectedKeys(NioEventLoop.java:650)
	at io.netty.channel.nio.NioEventLoop.run(NioEventLoop.java:562)
	at io.netty.util.concurrent.SingleThreadEventExecutor$4.run(SingleThreadEventExecutor.java:997)
	at io.netty.util.internal.ThreadExecutorMap$2.run(ThreadExecutorMap.java:74)
	at io.netty.util.concurrent.FastThreadLocalRunnable.run(FastThreadLocalRunnable.java:30)
	at java.base/java.lang.Thread.run(Thread.java:1583)

]]></system-out>
  </testcase>
  <testcase name="busca de ordem de servico" classname="BUSCA DE ORDEM DE SERVICO" time="0">
    <error message="Error communicating with the remote browser. It may have died.&#10;Build info: version: &apos;4.10.0&apos;, revision: &apos;c14d967899&apos;&#10;System info: os.name: &apos;Windows 10&apos;, os.arch: &apos;amd64&apos;, os.version: &apos;10.0&apos;, java.version: &apos;21.0.3&apos;&#10;Driver info: org.openqa.selenium.chrome.ChromeDriver&#10;Command: [9f069e5ae6ca48823c862ae4abb7bda8, screenshot {}]&#10;Capabilities {acceptInsecureCerts: false, browserName: chrome, browserVersion: 133.0.6943.142, chrome: {chromedriverVersion: 133.0.6943.53 (9a80935019b0..., userDataDir: C:\Users\NATHAL~1\AppData\L...}, fedcm:accounts: true, goog:chromeOptions: {debuggerAddress: localhost:54490}, networkConnectionEnabled: false, pageLoadStrategy: normal, platformName: windows, proxy: Proxy(), se:cdp: ws://localhost:54490/devtoo..., se:cdpVersion: 133.0.6943.142, setWindowRect: true, strictFileInteractability: false, timeouts: {implicit: 0, pageLoad: 300000, script: 30000}, unhandledPromptBehavior: dismiss and notify, webauthn:extension:credBlob: true, webauthn:extension:largeBlob: true, webauthn:extension:minPinLength: true, webauthn:extension:prf: true, webauthn:virtualAuthenticators: true}&#10;Session ID: 9f069e5ae6ca48823c862ae4abb7bda8" type="org.openqa.selenium.remote.UnreachableBrowserException"><![CDATA[org.openqa.selenium.remote.UnreachableBrowserException: 
Error communicating with the remote browser. It may have died.
Build info: version: '4.10.0', revision: 'c14d967899'
System info: os.name: 'Windows 10', os.arch: 'amd64', os.version: '10.0', java.version: '21.0.3'
Driver info: org.openqa.selenium.chrome.ChromeDriver
Command: [9f069e5ae6ca48823c862ae4abb7bda8, screenshot {}]
Capabilities {acceptInsecureCerts: false, browserName: chrome, browserVersion: 133.0.6943.142, chrome: {chromedriverVersion: 133.0.6943.53 (9a80935019b0..., userDataDir: C:\Users\NATHAL~1\AppData\L...}, fedcm:accounts: true, goog:chromeOptions: {debuggerAddress: localhost:54490}, networkConnectionEnabled: false, pageLoadStrategy: normal, platformName: windows, proxy: Proxy(), se:cdp: ws://localhost:54490/devtoo..., se:cdpVersion: 133.0.6943.142, setWindowRect: true, strictFileInteractability: false, timeouts: {implicit: 0, pageLoad: 300000, script: 30000}, unhandledPromptBehavior: dismiss and notify, webauthn:extension:credBlob: true, webauthn:extension:largeBlob: true, webauthn:extension:minPinLength: true, webauthn:extension:prf: true, webauthn:virtualAuthenticators: true}
Session ID: 9f069e5ae6ca48823c862ae4abb7bda8
Caused by: java.io.UncheckedIOException: java.net.ConnectException: Connection refused: getsockopt: localhost/[0:0:0:0:0:0:0:1]:15235
Caused by: java.net.ConnectException: Connection refused: getsockopt: localhost/[0:0:0:0:0:0:0:1]:15235
Caused by: io.netty.channel.AbstractChannel$AnnotatedConnectException: Connection refused: getsockopt: localhost/[0:0:0:0:0:0:0:1]:15235
Caused by: java.net.ConnectException: Connection refused: getsockopt
]]></error>
  </testcase>
  <testcase name="busca de ordem de servico" classname="BUSCA DE ORDEM DE SERVICO" time="0">
    <error message="Error communicating with the remote browser. It may have died.&#10;Build info: version: &apos;4.10.0&apos;, revision: &apos;c14d967899&apos;&#10;System info: os.name: &apos;Windows 10&apos;, os.arch: &apos;amd64&apos;, os.version: &apos;10.0&apos;, java.version: &apos;21.0.3&apos;&#10;Driver info: org.openqa.selenium.chrome.ChromeDriver&#10;Command: [9f069e5ae6ca48823c862ae4abb7bda8, close {}]&#10;Capabilities {acceptInsecureCerts: false, browserName: chrome, browserVersion: 133.0.6943.142, chrome: {chromedriverVersion: 133.0.6943.53 (9a80935019b0..., userDataDir: C:\Users\NATHAL~1\AppData\L...}, fedcm:accounts: true, goog:chromeOptions: {debuggerAddress: localhost:54490}, networkConnectionEnabled: false, pageLoadStrategy: normal, platformName: windows, proxy: Proxy(), se:cdp: ws://localhost:54490/devtoo..., se:cdpVersion: 133.0.6943.142, setWindowRect: true, strictFileInteractability: false, timeouts: {implicit: 0, pageLoad: 300000, script: 30000}, unhandledPromptBehavior: dismiss and notify, webauthn:extension:credBlob: true, webauthn:extension:largeBlob: true, webauthn:extension:minPinLength: true, webauthn:extension:prf: true, webauthn:virtualAuthenticators: true}&#10;Session ID: 9f069e5ae6ca48823c862ae4abb7bda8" type="org.openqa.selenium.remote.UnreachableBrowserException"><![CDATA[org.openqa.selenium.remote.UnreachableBrowserException: 
Error communicating with the remote browser. It may have died.
Build info: version: '4.10.0', revision: 'c14d967899'
System info: os.name: 'Windows 10', os.arch: 'amd64', os.version: '10.0', java.version: '21.0.3'
Driver info: org.openqa.selenium.chrome.ChromeDriver
Command: [9f069e5ae6ca48823c862ae4abb7bda8, close {}]
Capabilities {acceptInsecureCerts: false, browserName: chrome, browserVersion: 133.0.6943.142, chrome: {chromedriverVersion: 133.0.6943.53 (9a80935019b0..., userDataDir: C:\Users\NATHAL~1\AppData\L...}, fedcm:accounts: true, goog:chromeOptions: {debuggerAddress: localhost:54490}, networkConnectionEnabled: false, pageLoadStrategy: normal, platformName: windows, proxy: Proxy(), se:cdp: ws://localhost:54490/devtoo..., se:cdpVersion: 133.0.6943.142, setWindowRect: true, strictFileInteractability: false, timeouts: {implicit: 0, pageLoad: 300000, script: 30000}, unhandledPromptBehavior: dismiss and notify, webauthn:extension:credBlob: true, webauthn:extension:largeBlob: true, webauthn:extension:minPinLength: true, webauthn:extension:prf: true, webauthn:virtualAuthenticators: true}
Session ID: 9f069e5ae6ca48823c862ae4abb7bda8
Caused by: java.io.UncheckedIOException: java.net.ConnectException: Connection refused: getsockopt: localhost/[0:0:0:0:0:0:0:1]:15235
Caused by: java.net.ConnectException: Connection refused: getsockopt: localhost/[0:0:0:0:0:0:0:1]:15235
Caused by: io.netty.channel.AbstractChannel$AnnotatedConnectException: Connection refused: getsockopt: localhost/[0:0:0:0:0:0:0:1]:15235
Caused by: java.net.ConnectException: Connection refused: getsockopt
]]></error>
  </testcase>
</testsuite>