<?xml version="1.0" encoding="UTF-8"?>
<testng-results ignored="0" total="0" passed="0" failed="0" skipped="0">
  <reporter-output>
  </reporter-output>
  <suite started-at="2025-02-16T18:08:28 BRT" name="Surefire suite" finished-at="2025-02-16T18:08:29 BRT" duration-ms="504">
    <groups>
    </groups>
    <test started-at="2025-02-16T18:08:28 BRT" name="Surefire test" finished-at="2025-02-16T18:08:29 BRT" duration-ms="504">
    </test> <!-- Surefire test -->
  </suite> <!-- Surefire suite -->
</testng-results>
